2022/04/25 03:10:41 [notice] 1#1: using the "epoll" event method
2022/04/25 03:10:41 [notice] 1#1: nginx/1.21.6
2022/04/25 03:10:41 [notice] 1#1: built by gcc 10.2.1 20210110 (Debian 10.2.1-6) 
2022/04/25 03:10:41 [notice] 1#1: OS: Linux 5.13.0-39-generic
2022/04/25 03:10:41 [notice] 1#1: getrlimit(RLIMIT_NOFILE): 1048576:1048576
2022/04/25 03:10:41 [notice] 1#1: start worker processes
2022/04/25 03:10:41 [notice] 1#1: start worker process 21
2022/04/25 03:16:42 [notice] 1#1: signal 3 (SIGQUIT) received, shutting down
2022/04/25 03:16:42 [notice] 21#21: gracefully shutting down
2022/04/25 03:16:42 [notice] 21#21: exiting
2022/04/25 03:16:42 [notice] 21#21: exit
2022/04/25 03:16:42 [notice] 1#1: signal 17 (SIGCHLD) received from 21
2022/04/25 03:16:42 [notice] 1#1: worker process 21 exited with code 0
2022/04/25 03:16:42 [notice] 1#1: exit
2022/04/25 03:16:43 [notice] 1#1: using the "epoll" event method
2022/04/25 03:16:43 [notice] 1#1: nginx/1.21.6
2022/04/25 03:16:43 [notice] 1#1: built by gcc 10.2.1 20210110 (Debian 10.2.1-6) 
2022/04/25 03:16:43 [notice] 1#1: OS: Linux 5.13.0-39-generic
2022/04/25 03:16:43 [notice] 1#1: getrlimit(RLIMIT_NOFILE): 1048576:1048576
2022/04/25 03:16:43 [notice] 1#1: start worker processes
2022/04/25 03:16:43 [notice] 1#1: start worker process 22
2022/04/25 03:22:21 [notice] 1#1: signal 3 (SIGQUIT) received, shutting down
2022/04/25 03:22:21 [notice] 22#22: gracefully shutting down
2022/04/25 03:22:21 [notice] 22#22: exiting
2022/04/25 03:22:21 [notice] 22#22: exit
2022/04/25 03:22:21 [notice] 1#1: signal 17 (SIGCHLD) received from 22
2022/04/25 03:22:21 [notice] 1#1: worker process 22 exited with code 0
2022/04/25 03:22:21 [notice] 1#1: exit
2022/04/25 03:22:22 [notice] 1#1: using the "epoll" event method
2022/04/25 03:22:22 [notice] 1#1: nginx/1.21.6
2022/04/25 03:22:22 [notice] 1#1: built by gcc 10.2.1 20210110 (Debian 10.2.1-6) 
2022/04/25 03:22:22 [notice] 1#1: OS: Linux 5.13.0-39-generic
2022/04/25 03:22:22 [notice] 1#1: getrlimit(RLIMIT_NOFILE): 1048576:1048576
2022/04/25 03:22:22 [notice] 1#1: start worker processes
2022/04/25 03:22:22 [notice] 1#1: start worker process 22
2022/04/25 03:33:49 [notice] 1#1: signal 3 (SIGQUIT) received, shutting down
2022/04/25 03:33:49 [notice] 22#22: gracefully shutting down
2022/04/25 03:33:49 [notice] 22#22: exiting
2022/04/25 03:33:49 [notice] 22#22: exit
2022/04/25 03:33:49 [notice] 1#1: signal 17 (SIGCHLD) received from 22
2022/04/25 03:33:49 [notice] 1#1: worker process 22 exited with code 0
2022/04/25 03:33:49 [notice] 1#1: exit
2022/04/25 03:33:50 [notice] 1#1: using the "epoll" event method
2022/04/25 03:33:50 [notice] 1#1: nginx/1.21.6
2022/04/25 03:33:50 [notice] 1#1: built by gcc 10.2.1 20210110 (Debian 10.2.1-6) 
2022/04/25 03:33:50 [notice] 1#1: OS: Linux 5.13.0-39-generic
2022/04/25 03:33:50 [notice] 1#1: getrlimit(RLIMIT_NOFILE): 1048576:1048576
2022/04/25 03:33:50 [notice] 1#1: start worker processes
2022/04/25 03:33:50 [notice] 1#1: start worker process 21
2022/04/25 06:26:32 [notice] 1#1: signal 3 (SIGQUIT) received, shutting down
2022/04/25 06:26:32 [notice] 21#21: gracefully shutting down
2022/04/25 06:26:32 [notice] 21#21: exiting
2022/04/25 06:26:32 [notice] 21#21: exit
2022/04/25 06:26:32 [notice] 1#1: signal 17 (SIGCHLD) received from 21
2022/04/25 06:26:32 [notice] 1#1: worker process 21 exited with code 0
2022/04/25 06:26:32 [notice] 1#1: exit
2022/04/25 06:26:38 [notice] 1#1: using the "epoll" event method
2022/04/25 06:26:38 [notice] 1#1: nginx/1.21.6
2022/04/25 06:26:38 [notice] 1#1: built by gcc 10.2.1 20210110 (Debian 10.2.1-6) 
2022/04/25 06:26:38 [notice] 1#1: OS: Linux 5.13.0-39-generic
2022/04/25 06:26:38 [notice] 1#1: getrlimit(RLIMIT_NOFILE): 1048576:1048576
2022/04/25 06:26:38 [notice] 1#1: start worker processes
2022/04/25 06:26:38 [notice] 1#1: start worker process 24
2022/04/25 06:48:18 [notice] 1#1: signal 3 (SIGQUIT) received, shutting down
2022/04/25 06:48:18 [notice] 24#24: gracefully shutting down
2022/04/25 06:48:18 [notice] 24#24: exiting
2022/04/25 06:48:18 [notice] 24#24: exit
2022/04/25 06:48:18 [notice] 1#1: signal 17 (SIGCHLD) received from 24
2022/04/25 06:48:18 [notice] 1#1: worker process 24 exited with code 0
2022/04/25 06:48:18 [notice] 1#1: exit
2022/04/25 06:48:20 [notice] 1#1: using the "epoll" event method
2022/04/25 06:48:20 [notice] 1#1: nginx/1.21.6
2022/04/25 06:48:20 [notice] 1#1: built by gcc 10.2.1 20210110 (Debian 10.2.1-6) 
2022/04/25 06:48:20 [notice] 1#1: OS: Linux 5.13.0-39-generic
2022/04/25 06:48:20 [notice] 1#1: getrlimit(RLIMIT_NOFILE): 1048576:1048576
2022/04/25 06:48:20 [notice] 1#1: start worker processes
2022/04/25 06:48:20 [notice] 1#1: start worker process 24
2022/04/25 06:57:19 [notice] 1#1: signal 3 (SIGQUIT) received, shutting down
2022/04/25 06:57:19 [notice] 24#24: gracefully shutting down
2022/04/25 06:57:19 [notice] 24#24: exiting
2022/04/25 06:57:19 [notice] 24#24: exit
2022/04/25 06:57:19 [notice] 1#1: signal 17 (SIGCHLD) received from 24
2022/04/25 06:57:19 [notice] 1#1: worker process 24 exited with code 0
2022/04/25 06:57:19 [notice] 1#1: exit
2022/04/25 06:57:20 [notice] 1#1: using the "epoll" event method
2022/04/25 06:57:20 [notice] 1#1: nginx/1.21.6
2022/04/25 06:57:20 [notice] 1#1: built by gcc 10.2.1 20210110 (Debian 10.2.1-6) 
2022/04/25 06:57:20 [notice] 1#1: OS: Linux 5.13.0-39-generic
2022/04/25 06:57:20 [notice] 1#1: getrlimit(RLIMIT_NOFILE): 1048576:1048576
2022/04/25 06:57:20 [notice] 1#1: start worker processes
2022/04/25 06:57:20 [notice] 1#1: start worker process 22
2022/04/25 07:02:20 [notice] 1#1: signal 3 (SIGQUIT) received, shutting down
2022/04/25 07:02:20 [notice] 22#22: gracefully shutting down
2022/04/25 07:02:20 [notice] 22#22: exiting
2022/04/25 07:02:20 [notice] 22#22: exit
2022/04/25 07:02:20 [notice] 1#1: signal 17 (SIGCHLD) received from 22
2022/04/25 07:02:20 [notice] 1#1: worker process 22 exited with code 0
2022/04/25 07:02:20 [notice] 1#1: exit
2022/04/25 07:02:21 [notice] 1#1: using the "epoll" event method
2022/04/25 07:02:21 [notice] 1#1: nginx/1.21.6
2022/04/25 07:02:21 [notice] 1#1: built by gcc 10.2.1 20210110 (Debian 10.2.1-6) 
2022/04/25 07:02:21 [notice] 1#1: OS: Linux 5.13.0-39-generic
2022/04/25 07:02:21 [notice] 1#1: getrlimit(RLIMIT_NOFILE): 1048576:1048576
2022/04/25 07:02:21 [notice] 1#1: start worker processes
2022/04/25 07:02:21 [notice] 1#1: start worker process 21
2022/04/25 07:18:52 [notice] 1#1: signal 3 (SIGQUIT) received, shutting down
2022/04/25 07:18:52 [notice] 21#21: gracefully shutting down
2022/04/25 07:18:52 [notice] 21#21: exiting
2022/04/25 07:18:52 [notice] 21#21: exit
2022/04/25 07:18:52 [notice] 1#1: signal 17 (SIGCHLD) received from 21
2022/04/25 07:18:52 [notice] 1#1: worker process 21 exited with code 0
2022/04/25 07:18:52 [notice] 1#1: exit
2022/04/25 07:18:54 [notice] 1#1: using the "epoll" event method
2022/04/25 07:18:54 [notice] 1#1: nginx/1.21.6
2022/04/25 07:18:54 [notice] 1#1: built by gcc 10.2.1 20210110 (Debian 10.2.1-6) 
2022/04/25 07:18:54 [notice] 1#1: OS: Linux 5.13.0-39-generic
2022/04/25 07:18:54 [notice] 1#1: getrlimit(RLIMIT_NOFILE): 1048576:1048576
2022/04/25 07:18:54 [notice] 1#1: start worker processes
2022/04/25 07:18:54 [notice] 1#1: start worker process 22
2022/04/25 07:24:27 [notice] 1#1: signal 3 (SIGQUIT) received, shutting down
2022/04/25 07:24:27 [notice] 22#22: gracefully shutting down
2022/04/25 07:24:27 [notice] 22#22: exiting
2022/04/25 07:24:27 [notice] 22#22: exit
2022/04/25 07:24:27 [notice] 1#1: signal 17 (SIGCHLD) received from 22
2022/04/25 07:24:27 [notice] 1#1: worker process 22 exited with code 0
2022/04/25 07:24:27 [notice] 1#1: exit
2022/04/25 07:24:28 [notice] 1#1: using the "epoll" event method
2022/04/25 07:24:28 [notice] 1#1: nginx/1.21.6
2022/04/25 07:24:28 [notice] 1#1: built by gcc 10.2.1 20210110 (Debian 10.2.1-6) 
2022/04/25 07:24:28 [notice] 1#1: OS: Linux 5.13.0-39-generic
2022/04/25 07:24:28 [notice] 1#1: getrlimit(RLIMIT_NOFILE): 1048576:1048576
2022/04/25 07:24:28 [notice] 1#1: start worker processes
2022/04/25 07:24:28 [notice] 1#1: start worker process 22
2022/04/25 07:25:29 [notice] 1#1: signal 3 (SIGQUIT) received, shutting down
2022/04/25 07:25:29 [notice] 22#22: gracefully shutting down
2022/04/25 07:25:29 [notice] 22#22: exiting
2022/04/25 07:25:29 [notice] 22#22: exit
2022/04/25 07:25:29 [notice] 1#1: signal 17 (SIGCHLD) received from 22
2022/04/25 07:25:29 [notice] 1#1: worker process 22 exited with code 0
2022/04/25 07:25:29 [notice] 1#1: exit
2022/04/25 07:26:34 [notice] 1#1: using the "epoll" event method
2022/04/25 07:26:34 [notice] 1#1: nginx/1.21.6
2022/04/25 07:26:34 [notice] 1#1: built by gcc 10.2.1 20210110 (Debian 10.2.1-6) 
2022/04/25 07:26:34 [notice] 1#1: OS: Linux 5.13.0-39-generic
2022/04/25 07:26:34 [notice] 1#1: getrlimit(RLIMIT_NOFILE): 1048576:1048576
2022/04/25 07:26:34 [notice] 1#1: start worker processes
2022/04/25 07:26:34 [notice] 1#1: start worker process 22
2022/04/25 07:40:32 [notice] 1#1: signal 3 (SIGQUIT) received, shutting down
2022/04/25 07:40:32 [notice] 22#22: gracefully shutting down
2022/04/25 07:40:32 [notice] 22#22: exiting
2022/04/25 07:40:32 [notice] 22#22: exit
2022/04/25 07:40:32 [notice] 1#1: signal 17 (SIGCHLD) received from 22
2022/04/25 07:40:32 [notice] 1#1: worker process 22 exited with code 0
2022/04/25 07:40:32 [notice] 1#1: exit
2022/04/25 07:40:33 [notice] 1#1: using the "epoll" event method
2022/04/25 07:40:33 [notice] 1#1: nginx/1.21.6
2022/04/25 07:40:33 [notice] 1#1: built by gcc 10.2.1 20210110 (Debian 10.2.1-6) 
2022/04/25 07:40:33 [notice] 1#1: OS: Linux 5.13.0-39-generic
2022/04/25 07:40:33 [notice] 1#1: getrlimit(RLIMIT_NOFILE): 1048576:1048576
2022/04/25 07:40:33 [notice] 1#1: start worker processes
2022/04/25 07:40:33 [notice] 1#1: start worker process 24
2022/04/25 08:03:48 [notice] 1#1: signal 3 (SIGQUIT) received, shutting down
2022/04/25 08:03:48 [notice] 24#24: gracefully shutting down
2022/04/25 08:03:48 [notice] 24#24: exiting
2022/04/25 08:03:48 [notice] 24#24: exit
2022/04/25 08:03:48 [notice] 1#1: signal 17 (SIGCHLD) received from 24
2022/04/25 08:03:48 [notice] 1#1: worker process 24 exited with code 0
2022/04/25 08:03:48 [notice] 1#1: exit
2022/04/25 08:04:12 [notice] 1#1: using the "epoll" event method
2022/04/25 08:04:12 [notice] 1#1: nginx/1.21.6
2022/04/25 08:04:12 [notice] 1#1: built by gcc 10.2.1 20210110 (Debian 10.2.1-6) 
2022/04/25 08:04:12 [notice] 1#1: OS: Linux 5.13.0-39-generic
2022/04/25 08:04:12 [notice] 1#1: getrlimit(RLIMIT_NOFILE): 1048576:1048576
2022/04/25 08:04:12 [notice] 1#1: start worker processes
2022/04/25 08:04:12 [notice] 1#1: start worker process 21
2022/04/25 08:06:42 [notice] 1#1: signal 3 (SIGQUIT) received, shutting down
2022/04/25 08:06:42 [notice] 21#21: gracefully shutting down
2022/04/25 08:06:42 [notice] 21#21: exiting
2022/04/25 08:06:42 [notice] 21#21: exit
2022/04/25 08:06:42 [notice] 1#1: signal 17 (SIGCHLD) received from 21
2022/04/25 08:06:42 [notice] 1#1: worker process 21 exited with code 0
2022/04/25 08:06:42 [notice] 1#1: exit
2022/04/25 08:06:43 [notice] 1#1: using the "epoll" event method
2022/04/25 08:06:43 [notice] 1#1: nginx/1.21.6
2022/04/25 08:06:43 [notice] 1#1: built by gcc 10.2.1 20210110 (Debian 10.2.1-6) 
2022/04/25 08:06:43 [notice] 1#1: OS: Linux 5.13.0-39-generic
2022/04/25 08:06:43 [notice] 1#1: getrlimit(RLIMIT_NOFILE): 1048576:1048576
2022/04/25 08:06:43 [notice] 1#1: start worker processes
2022/04/25 08:06:43 [notice] 1#1: start worker process 21
2022/04/25 08:53:58 [notice] 1#1: signal 3 (SIGQUIT) received, shutting down
2022/04/25 08:53:58 [notice] 21#21: gracefully shutting down
2022/04/25 08:53:58 [notice] 21#21: exiting
2022/04/25 08:53:58 [notice] 21#21: exit
2022/04/25 08:53:58 [notice] 1#1: signal 17 (SIGCHLD) received from 21
2022/04/25 08:53:58 [notice] 1#1: worker process 21 exited with code 0
2022/04/25 08:53:58 [notice] 1#1: exit
2022/04/25 08:54:00 [notice] 1#1: using the "epoll" event method
2022/04/25 08:54:00 [notice] 1#1: nginx/1.21.6
2022/04/25 08:54:00 [notice] 1#1: built by gcc 10.2.1 20210110 (Debian 10.2.1-6) 
2022/04/25 08:54:00 [notice] 1#1: OS: Linux 5.13.0-39-generic
2022/04/25 08:54:00 [notice] 1#1: getrlimit(RLIMIT_NOFILE): 1048576:1048576
2022/04/25 08:54:00 [notice] 1#1: start worker processes
2022/04/25 08:54:00 [notice] 1#1: start worker process 22
2022/04/25 09:02:30 [notice] 1#1: signal 3 (SIGQUIT) received, shutting down
2022/04/25 09:02:30 [notice] 22#22: gracefully shutting down
2022/04/25 09:02:30 [notice] 22#22: exiting
2022/04/25 09:02:30 [notice] 22#22: exit
2022/04/25 09:02:30 [notice] 1#1: signal 17 (SIGCHLD) received from 22
2022/04/25 09:02:30 [notice] 1#1: worker process 22 exited with code 0
2022/04/25 09:02:30 [notice] 1#1: exit
2022/04/25 09:02:31 [notice] 1#1: using the "epoll" event method
2022/04/25 09:02:31 [notice] 1#1: nginx/1.21.6
2022/04/25 09:02:31 [notice] 1#1: built by gcc 10.2.1 20210110 (Debian 10.2.1-6) 
2022/04/25 09:02:31 [notice] 1#1: OS: Linux 5.13.0-39-generic
2022/04/25 09:02:31 [notice] 1#1: getrlimit(RLIMIT_NOFILE): 1048576:1048576
2022/04/25 09:02:31 [notice] 1#1: start worker processes
2022/04/25 09:02:31 [notice] 1#1: start worker process 21
2022/04/25 10:48:16 [notice] 1#1: signal 3 (SIGQUIT) received, shutting down
2022/04/25 10:48:16 [notice] 21#21: gracefully shutting down
2022/04/25 10:48:16 [notice] 21#21: exiting
2022/04/25 10:48:16 [notice] 21#21: exit
2022/04/25 10:48:17 [notice] 1#1: signal 17 (SIGCHLD) received from 21
2022/04/25 10:48:17 [notice] 1#1: worker process 21 exited with code 0
2022/04/25 10:48:17 [notice] 1#1: exit
2022/04/25 10:49:27 [notice] 1#1: using the "epoll" event method
2022/04/25 10:49:27 [notice] 1#1: nginx/1.21.6
2022/04/25 10:49:27 [notice] 1#1: built by gcc 10.2.1 20210110 (Debian 10.2.1-6) 
2022/04/25 10:49:27 [notice] 1#1: OS: Linux 5.13.0-39-generic
2022/04/25 10:49:27 [notice] 1#1: getrlimit(RLIMIT_NOFILE): 1048576:1048576
2022/04/25 10:49:27 [notice] 1#1: start worker processes
2022/04/25 10:49:27 [notice] 1#1: start worker process 22
2022/04/25 10:50:02 [notice] 1#1: signal 3 (SIGQUIT) received, shutting down
2022/04/25 10:50:02 [notice] 22#22: gracefully shutting down
2022/04/25 10:50:02 [notice] 22#22: exiting
2022/04/25 10:50:02 [notice] 22#22: exit
2022/04/25 10:50:02 [notice] 1#1: signal 17 (SIGCHLD) received from 22
2022/04/25 10:50:02 [notice] 1#1: worker process 22 exited with code 0
2022/04/25 10:50:02 [notice] 1#1: exit
2022/04/25 10:50:04 [notice] 1#1: using the "epoll" event method
2022/04/25 10:50:04 [notice] 1#1: nginx/1.21.6
2022/04/25 10:50:04 [notice] 1#1: built by gcc 10.2.1 20210110 (Debian 10.2.1-6) 
2022/04/25 10:50:04 [notice] 1#1: OS: Linux 5.13.0-39-generic
2022/04/25 10:50:04 [notice] 1#1: getrlimit(RLIMIT_NOFILE): 1048576:1048576
2022/04/25 10:50:04 [notice] 1#1: start worker processes
2022/04/25 10:50:04 [notice] 1#1: start worker process 22
2022/04/25 10:55:32 [notice] 1#1: signal 3 (SIGQUIT) received, shutting down
2022/04/25 10:55:32 [notice] 22#22: gracefully shutting down
2022/04/25 10:55:32 [notice] 22#22: exiting
2022/04/25 10:55:32 [notice] 22#22: exit
2022/04/25 10:55:32 [notice] 1#1: signal 17 (SIGCHLD) received from 22
2022/04/25 10:55:32 [notice] 1#1: worker process 22 exited with code 0
2022/04/25 10:55:32 [notice] 1#1: exit
2022/04/25 10:55:33 [notice] 1#1: using the "epoll" event method
2022/04/25 10:55:33 [notice] 1#1: nginx/1.21.6
2022/04/25 10:55:33 [notice] 1#1: built by gcc 10.2.1 20210110 (Debian 10.2.1-6) 
2022/04/25 10:55:33 [notice] 1#1: OS: Linux 5.13.0-39-generic
2022/04/25 10:55:33 [notice] 1#1: getrlimit(RLIMIT_NOFILE): 1048576:1048576
2022/04/25 10:55:33 [notice] 1#1: start worker processes
2022/04/25 10:55:33 [notice] 1#1: start worker process 22
2022/04/25 10:56:24 [notice] 1#1: signal 3 (SIGQUIT) received, shutting down
2022/04/25 10:56:24 [notice] 22#22: gracefully shutting down
2022/04/25 10:56:24 [notice] 22#22: exiting
2022/04/25 10:56:24 [notice] 22#22: exit
2022/04/25 10:56:24 [notice] 1#1: signal 17 (SIGCHLD) received from 22
2022/04/25 10:56:24 [notice] 1#1: worker process 22 exited with code 0
2022/04/25 10:56:24 [notice] 1#1: exit
2022/04/25 10:56:26 [notice] 1#1: using the "epoll" event method
2022/04/25 10:56:26 [notice] 1#1: nginx/1.21.6
2022/04/25 10:56:26 [notice] 1#1: built by gcc 10.2.1 20210110 (Debian 10.2.1-6) 
2022/04/25 10:56:26 [notice] 1#1: OS: Linux 5.13.0-39-generic
2022/04/25 10:56:26 [notice] 1#1: getrlimit(RLIMIT_NOFILE): 1048576:1048576
2022/04/25 10:56:26 [notice] 1#1: start worker processes
2022/04/25 10:56:26 [notice] 1#1: start worker process 22
2022/04/25 10:57:01 [notice] 1#1: signal 3 (SIGQUIT) received, shutting down
2022/04/25 10:57:01 [notice] 22#22: gracefully shutting down
2022/04/25 10:57:01 [notice] 22#22: exiting
2022/04/25 10:57:01 [notice] 22#22: exit
2022/04/25 10:57:01 [notice] 1#1: signal 17 (SIGCHLD) received from 22
2022/04/25 10:57:01 [notice] 1#1: worker process 22 exited with code 0
2022/04/25 10:57:01 [notice] 1#1: exit
2022/04/25 10:57:09 [notice] 1#1: using the "epoll" event method
2022/04/25 10:57:09 [notice] 1#1: nginx/1.21.6
2022/04/25 10:57:09 [notice] 1#1: built by gcc 10.2.1 20210110 (Debian 10.2.1-6) 
2022/04/25 10:57:09 [notice] 1#1: OS: Linux 5.13.0-39-generic
2022/04/25 10:57:09 [notice] 1#1: getrlimit(RLIMIT_NOFILE): 1048576:1048576
2022/04/25 10:57:09 [notice] 1#1: start worker processes
2022/04/25 10:57:09 [notice] 1#1: start worker process 22
2022/04/25 11:08:38 [notice] 1#1: signal 3 (SIGQUIT) received, shutting down
2022/04/25 11:08:38 [notice] 22#22: gracefully shutting down
2022/04/25 11:08:38 [notice] 22#22: exiting
2022/04/25 11:08:38 [notice] 22#22: exit
2022/04/25 11:08:39 [notice] 1#1: signal 17 (SIGCHLD) received from 22
2022/04/25 11:08:39 [notice] 1#1: worker process 22 exited with code 0
2022/04/25 11:08:39 [notice] 1#1: exit
2022/04/25 11:08:43 [notice] 1#1: using the "epoll" event method
2022/04/25 11:08:43 [notice] 1#1: nginx/1.21.6
2022/04/25 11:08:43 [notice] 1#1: built by gcc 10.2.1 20210110 (Debian 10.2.1-6) 
2022/04/25 11:08:43 [notice] 1#1: OS: Linux 5.13.0-39-generic
2022/04/25 11:08:43 [notice] 1#1: getrlimit(RLIMIT_NOFILE): 1048576:1048576
2022/04/25 11:08:43 [notice] 1#1: start worker processes
2022/04/25 11:08:43 [notice] 1#1: start worker process 21
2022/04/25 11:12:55 [notice] 1#1: signal 3 (SIGQUIT) received, shutting down
2022/04/25 11:12:55 [notice] 21#21: gracefully shutting down
2022/04/25 11:12:55 [notice] 21#21: exiting
2022/04/25 11:12:55 [notice] 21#21: exit
2022/04/25 11:12:55 [notice] 1#1: signal 17 (SIGCHLD) received from 21
2022/04/25 11:12:55 [notice] 1#1: worker process 21 exited with code 0
2022/04/25 11:12:55 [notice] 1#1: exit
2022/04/25 11:12:56 [notice] 1#1: using the "epoll" event method
2022/04/25 11:12:56 [notice] 1#1: nginx/1.21.6
2022/04/25 11:12:56 [notice] 1#1: built by gcc 10.2.1 20210110 (Debian 10.2.1-6) 
2022/04/25 11:12:56 [notice] 1#1: OS: Linux 5.13.0-39-generic
2022/04/25 11:12:56 [notice] 1#1: getrlimit(RLIMIT_NOFILE): 1048576:1048576
2022/04/25 11:12:56 [notice] 1#1: start worker processes
2022/04/25 11:12:56 [notice] 1#1: start worker process 24
2022/04/25 11:16:06 [notice] 1#1: signal 3 (SIGQUIT) received, shutting down
2022/04/25 11:16:06 [notice] 24#24: gracefully shutting down
2022/04/25 11:16:06 [notice] 24#24: exiting
2022/04/25 11:16:06 [notice] 24#24: exit
2022/04/25 11:16:06 [notice] 1#1: signal 17 (SIGCHLD) received from 24
2022/04/25 11:16:06 [notice] 1#1: worker process 24 exited with code 0
2022/04/25 11:16:06 [notice] 1#1: exit
2022/04/25 11:16:07 [notice] 1#1: using the "epoll" event method
2022/04/25 11:16:07 [notice] 1#1: nginx/1.21.6
2022/04/25 11:16:07 [notice] 1#1: built by gcc 10.2.1 20210110 (Debian 10.2.1-6) 
2022/04/25 11:16:07 [notice] 1#1: OS: Linux 5.13.0-39-generic
2022/04/25 11:16:07 [notice] 1#1: getrlimit(RLIMIT_NOFILE): 1048576:1048576
2022/04/25 11:16:07 [notice] 1#1: start worker processes
2022/04/25 11:16:07 [notice] 1#1: start worker process 22
2022/04/25 11:16:26 [notice] 1#1: signal 3 (SIGQUIT) received, shutting down
2022/04/25 11:16:26 [notice] 22#22: gracefully shutting down
2022/04/25 11:16:26 [notice] 22#22: exiting
2022/04/25 11:16:26 [notice] 22#22: exit
2022/04/25 11:16:26 [notice] 1#1: signal 17 (SIGCHLD) received from 22
2022/04/25 11:16:26 [notice] 1#1: worker process 22 exited with code 0
2022/04/25 11:16:26 [notice] 1#1: exit
2022/04/25 11:16:56 [notice] 1#1: using the "epoll" event method
2022/04/25 11:16:56 [notice] 1#1: nginx/1.21.6
2022/04/25 11:16:56 [notice] 1#1: built by gcc 10.2.1 20210110 (Debian 10.2.1-6) 
2022/04/25 11:16:56 [notice] 1#1: OS: Linux 5.13.0-39-generic
2022/04/25 11:16:56 [notice] 1#1: getrlimit(RLIMIT_NOFILE): 1048576:1048576
2022/04/25 11:16:56 [notice] 1#1: start worker processes
2022/04/25 11:16:56 [notice] 1#1: start worker process 21
2022/04/25 11:21:07 [notice] 1#1: signal 3 (SIGQUIT) received, shutting down
2022/04/25 11:21:07 [notice] 21#21: gracefully shutting down
2022/04/25 11:21:07 [notice] 21#21: exiting
2022/04/25 11:21:07 [notice] 21#21: exit
2022/04/25 11:21:07 [notice] 1#1: signal 17 (SIGCHLD) received from 21
2022/04/25 11:21:07 [notice] 1#1: worker process 21 exited with code 0
2022/04/25 11:21:07 [notice] 1#1: exit
2022/04/25 11:22:36 [notice] 1#1: using the "epoll" event method
2022/04/25 11:22:36 [notice] 1#1: nginx/1.21.6
2022/04/25 11:22:36 [notice] 1#1: built by gcc 10.2.1 20210110 (Debian 10.2.1-6) 
2022/04/25 11:22:36 [notice] 1#1: OS: Linux 5.13.0-39-generic
2022/04/25 11:22:36 [notice] 1#1: getrlimit(RLIMIT_NOFILE): 1048576:1048576
2022/04/25 11:22:36 [notice] 1#1: start worker processes
2022/04/25 11:22:36 [notice] 1#1: start worker process 22
2022/04/25 11:25:20 [notice] 1#1: signal 3 (SIGQUIT) received, shutting down
2022/04/25 11:25:20 [notice] 22#22: gracefully shutting down
2022/04/25 11:25:20 [notice] 22#22: exiting
2022/04/25 11:25:20 [notice] 22#22: exit
2022/04/25 11:25:20 [notice] 1#1: signal 17 (SIGCHLD) received from 22
2022/04/25 11:25:20 [notice] 1#1: worker process 22 exited with code 0
2022/04/25 11:25:20 [notice] 1#1: exit
2022/04/25 11:27:48 [notice] 1#1: using the "epoll" event method
2022/04/25 11:27:48 [notice] 1#1: nginx/1.21.6
2022/04/25 11:27:48 [notice] 1#1: built by gcc 10.2.1 20210110 (Debian 10.2.1-6) 
2022/04/25 11:27:48 [notice] 1#1: OS: Linux 5.13.0-39-generic
2022/04/25 11:27:48 [notice] 1#1: getrlimit(RLIMIT_NOFILE): 1048576:1048576
2022/04/25 11:27:48 [notice] 1#1: start worker processes
2022/04/25 11:27:48 [notice] 1#1: start worker process 22
2022/04/25 11:28:03 [notice] 1#1: signal 3 (SIGQUIT) received, shutting down
2022/04/25 11:28:03 [notice] 22#22: gracefully shutting down
2022/04/25 11:28:03 [notice] 22#22: exiting
2022/04/25 11:28:03 [notice] 22#22: exit
2022/04/25 11:28:03 [notice] 1#1: signal 17 (SIGCHLD) received from 22
2022/04/25 11:28:03 [notice] 1#1: worker process 22 exited with code 0
2022/04/25 11:28:03 [notice] 1#1: exit
2022/04/25 11:35:01 [notice] 1#1: using the "epoll" event method
2022/04/25 11:35:01 [notice] 1#1: nginx/1.21.6
2022/04/25 11:35:01 [notice] 1#1: built by gcc 10.2.1 20210110 (Debian 10.2.1-6) 
2022/04/25 11:35:01 [notice] 1#1: OS: Linux 5.13.0-39-generic
2022/04/25 11:35:01 [notice] 1#1: getrlimit(RLIMIT_NOFILE): 1048576:1048576
2022/04/25 11:35:01 [notice] 1#1: start worker processes
2022/04/25 11:35:01 [notice] 1#1: start worker process 24
2022/04/25 11:41:10 [notice] 1#1: signal 3 (SIGQUIT) received, shutting down
2022/04/25 11:41:10 [notice] 24#24: gracefully shutting down
2022/04/25 11:41:10 [notice] 24#24: exiting
2022/04/25 11:41:10 [notice] 24#24: exit
2022/04/25 11:41:10 [notice] 1#1: signal 17 (SIGCHLD) received from 24
2022/04/25 11:41:10 [notice] 1#1: worker process 24 exited with code 0
2022/04/25 11:41:10 [notice] 1#1: exit
2022/04/25 12:02:07 [notice] 1#1: using the "epoll" event method
2022/04/25 12:02:07 [notice] 1#1: nginx/1.21.6
2022/04/25 12:02:07 [notice] 1#1: built by gcc 10.2.1 20210110 (Debian 10.2.1-6) 
2022/04/25 12:02:07 [notice] 1#1: OS: Linux 5.13.0-39-generic
2022/04/25 12:02:07 [notice] 1#1: getrlimit(RLIMIT_NOFILE): 1048576:1048576
2022/04/25 12:02:07 [notice] 1#1: start worker processes
2022/04/25 12:02:07 [notice] 1#1: start worker process 22
2022/04/25 12:03:06 [notice] 1#1: signal 3 (SIGQUIT) received, shutting down
2022/04/25 12:03:06 [notice] 22#22: gracefully shutting down
2022/04/25 12:03:06 [notice] 22#22: exiting
2022/04/25 12:03:06 [notice] 22#22: exit
2022/04/25 12:03:06 [notice] 1#1: signal 17 (SIGCHLD) received from 22
2022/04/25 12:03:06 [notice] 1#1: worker process 22 exited with code 0
2022/04/25 12:03:06 [notice] 1#1: exit
2022/04/25 12:04:01 [notice] 1#1: using the "epoll" event method
2022/04/25 12:04:01 [notice] 1#1: nginx/1.21.6
2022/04/25 12:04:01 [notice] 1#1: built by gcc 10.2.1 20210110 (Debian 10.2.1-6) 
2022/04/25 12:04:01 [notice] 1#1: OS: Linux 5.13.0-39-generic
2022/04/25 12:04:01 [notice] 1#1: getrlimit(RLIMIT_NOFILE): 1048576:1048576
2022/04/25 12:04:01 [notice] 1#1: start worker processes
2022/04/25 12:04:01 [notice] 1#1: start worker process 21
2022/04/25 12:04:20 [notice] 1#1: signal 3 (SIGQUIT) received, shutting down
2022/04/25 12:04:20 [notice] 21#21: gracefully shutting down
2022/04/25 12:04:20 [notice] 21#21: exiting
2022/04/25 12:04:20 [notice] 21#21: exit
2022/04/25 12:04:20 [notice] 1#1: signal 17 (SIGCHLD) received from 21
2022/04/25 12:04:20 [notice] 1#1: worker process 21 exited with code 0
2022/04/25 12:04:20 [notice] 1#1: exit
2022/04/25 12:06:25 [notice] 1#1: using the "epoll" event method
2022/04/25 12:06:25 [notice] 1#1: nginx/1.21.6
2022/04/25 12:06:25 [notice] 1#1: built by gcc 10.2.1 20210110 (Debian 10.2.1-6) 
2022/04/25 12:06:25 [notice] 1#1: OS: Linux 5.13.0-39-generic
2022/04/25 12:06:25 [notice] 1#1: getrlimit(RLIMIT_NOFILE): 1048576:1048576
2022/04/25 12:06:25 [notice] 1#1: start worker processes
2022/04/25 12:06:25 [notice] 1#1: start worker process 22
2022/04/25 12:06:31 [notice] 1#1: signal 3 (SIGQUIT) received, shutting down
2022/04/25 12:06:31 [notice] 22#22: gracefully shutting down
2022/04/25 12:06:31 [notice] 22#22: exiting
2022/04/25 12:06:31 [notice] 22#22: exit
2022/04/25 12:06:31 [notice] 1#1: signal 17 (SIGCHLD) received from 22
2022/04/25 12:06:31 [notice] 1#1: worker process 22 exited with code 0
2022/04/25 12:06:31 [notice] 1#1: exit
2022/04/25 12:36:07 [notice] 1#1: using the "epoll" event method
2022/04/25 12:36:07 [notice] 1#1: nginx/1.21.6
2022/04/25 12:36:07 [notice] 1#1: built by gcc 10.2.1 20210110 (Debian 10.2.1-6) 
2022/04/25 12:36:07 [notice] 1#1: OS: Linux 5.13.0-39-generic
2022/04/25 12:36:07 [notice] 1#1: getrlimit(RLIMIT_NOFILE): 1048576:1048576
2022/04/25 12:36:07 [notice] 1#1: start worker processes
2022/04/25 12:36:07 [notice] 1#1: start worker process 22
2022/04/25 12:36:19 [notice] 1#1: signal 3 (SIGQUIT) received, shutting down
2022/04/25 12:36:19 [notice] 22#22: gracefully shutting down
2022/04/25 12:36:19 [notice] 22#22: exiting
2022/04/25 12:36:19 [notice] 22#22: exit
2022/04/25 12:36:19 [notice] 1#1: signal 17 (SIGCHLD) received from 22
2022/04/25 12:36:19 [notice] 1#1: worker process 22 exited with code 0
2022/04/25 12:36:19 [notice] 1#1: exit
2022/04/25 12:45:18 [notice] 1#1: using the "epoll" event method
2022/04/25 12:45:18 [notice] 1#1: nginx/1.21.6
2022/04/25 12:45:18 [notice] 1#1: built by gcc 10.2.1 20210110 (Debian 10.2.1-6) 
2022/04/25 12:45:18 [notice] 1#1: OS: Linux 5.13.0-39-generic
2022/04/25 12:45:18 [notice] 1#1: getrlimit(RLIMIT_NOFILE): 1048576:1048576
2022/04/25 12:45:18 [notice] 1#1: start worker processes
2022/04/25 12:45:18 [notice] 1#1: start worker process 21
2022/04/25 12:45:23 [notice] 1#1: signal 3 (SIGQUIT) received, shutting down
2022/04/25 12:45:23 [notice] 21#21: gracefully shutting down
2022/04/25 12:45:23 [notice] 21#21: exiting
2022/04/25 12:45:23 [notice] 21#21: exit
2022/04/25 12:45:23 [notice] 1#1: signal 17 (SIGCHLD) received from 21
2022/04/25 12:45:23 [notice] 1#1: worker process 21 exited with code 0
2022/04/25 12:45:23 [notice] 1#1: exit
2022/04/25 12:50:18 [notice] 1#1: using the "epoll" event method
2022/04/25 12:50:18 [notice] 1#1: nginx/1.21.6
2022/04/25 12:50:18 [notice] 1#1: built by gcc 10.2.1 20210110 (Debian 10.2.1-6) 
2022/04/25 12:50:18 [notice] 1#1: OS: Linux 5.13.0-39-generic
2022/04/25 12:50:18 [notice] 1#1: getrlimit(RLIMIT_NOFILE): 1048576:1048576
2022/04/25 12:50:18 [notice] 1#1: start worker processes
2022/04/25 12:50:18 [notice] 1#1: start worker process 22
2022/04/25 12:50:38 [notice] 1#1: signal 3 (SIGQUIT) received, shutting down
2022/04/25 12:50:38 [notice] 22#22: gracefully shutting down
2022/04/25 12:50:38 [notice] 22#22: exiting
2022/04/25 12:50:38 [notice] 22#22: exit
2022/04/25 12:50:38 [notice] 1#1: signal 17 (SIGCHLD) received from 22
2022/04/25 12:50:38 [notice] 1#1: worker process 22 exited with code 0
2022/04/25 12:50:38 [notice] 1#1: exit
2022/04/25 12:51:05 [notice] 1#1: using the "epoll" event method
2022/04/25 12:51:05 [notice] 1#1: nginx/1.21.6
2022/04/25 12:51:05 [notice] 1#1: built by gcc 10.2.1 20210110 (Debian 10.2.1-6) 
2022/04/25 12:51:05 [notice] 1#1: OS: Linux 5.13.0-39-generic
2022/04/25 12:51:05 [notice] 1#1: getrlimit(RLIMIT_NOFILE): 1048576:1048576
2022/04/25 12:51:05 [notice] 1#1: start worker processes
2022/04/25 12:51:05 [notice] 1#1: start worker process 21
2022/04/25 12:52:09 [notice] 1#1: signal 3 (SIGQUIT) received, shutting down
2022/04/25 12:52:09 [notice] 21#21: gracefully shutting down
2022/04/25 12:52:09 [notice] 21#21: exiting
2022/04/25 12:52:09 [notice] 21#21: exit
2022/04/25 12:52:09 [notice] 1#1: signal 17 (SIGCHLD) received from 21
2022/04/25 12:52:09 [notice] 1#1: worker process 21 exited with code 0
2022/04/25 12:52:09 [notice] 1#1: exit
2022/04/25 12:52:28 [notice] 1#1: using the "epoll" event method
2022/04/25 12:52:28 [notice] 1#1: nginx/1.21.6
2022/04/25 12:52:28 [notice] 1#1: built by gcc 10.2.1 20210110 (Debian 10.2.1-6) 
2022/04/25 12:52:28 [notice] 1#1: OS: Linux 5.13.0-39-generic
2022/04/25 12:52:28 [notice] 1#1: getrlimit(RLIMIT_NOFILE): 1048576:1048576
2022/04/25 12:52:28 [notice] 1#1: start worker processes
2022/04/25 12:52:28 [notice] 1#1: start worker process 22
2022/04/25 12:59:16 [notice] 1#1: signal 3 (SIGQUIT) received, shutting down
2022/04/25 12:59:16 [notice] 22#22: gracefully shutting down
2022/04/25 12:59:16 [notice] 22#22: exiting
2022/04/25 12:59:16 [notice] 22#22: exit
2022/04/25 12:59:16 [notice] 1#1: signal 17 (SIGCHLD) received from 22
2022/04/25 12:59:16 [notice] 1#1: worker process 22 exited with code 0
2022/04/25 12:59:16 [notice] 1#1: exit
2022/04/25 13:06:04 [notice] 1#1: using the "epoll" event method
2022/04/25 13:06:04 [notice] 1#1: nginx/1.21.6
2022/04/25 13:06:04 [notice] 1#1: built by gcc 10.2.1 20210110 (Debian 10.2.1-6) 
2022/04/25 13:06:04 [notice] 1#1: OS: Linux 5.13.0-39-generic
2022/04/25 13:06:04 [notice] 1#1: getrlimit(RLIMIT_NOFILE): 1048576:1048576
2022/04/25 13:06:04 [notice] 1#1: start worker processes
2022/04/25 13:06:04 [notice] 1#1: start worker process 22
2022/04/25 13:12:29 [notice] 1#1: signal 3 (SIGQUIT) received, shutting down
2022/04/25 13:12:29 [notice] 22#22: gracefully shutting down
2022/04/25 13:12:29 [notice] 22#22: exiting
2022/04/25 13:12:29 [notice] 22#22: exit
2022/04/25 13:12:29 [notice] 1#1: signal 17 (SIGCHLD) received from 22
2022/04/25 13:12:29 [notice] 1#1: worker process 22 exited with code 0
2022/04/25 13:12:29 [notice] 1#1: exit
2022/04/25 13:12:48 [notice] 1#1: using the "epoll" event method
2022/04/25 13:12:48 [notice] 1#1: nginx/1.21.6
2022/04/25 13:12:48 [notice] 1#1: built by gcc 10.2.1 20210110 (Debian 10.2.1-6) 
2022/04/25 13:12:48 [notice] 1#1: OS: Linux 5.13.0-39-generic
2022/04/25 13:12:48 [notice] 1#1: getrlimit(RLIMIT_NOFILE): 1048576:1048576
2022/04/25 13:12:48 [notice] 1#1: start worker processes
2022/04/25 13:12:48 [notice] 1#1: start worker process 22
2022/04/25 13:40:31 [error] 22#22: *4 open() "/usr/share/nginx/html/static/blog/cdnjs/twitter-bootstrap/3.3.7/css/bootstrap.min.css" failed (2: No such file or directory), client: 192.168.222.129, server: localhost, request: "GET /static/blog/cdnjs/twitter-bootstrap/3.3.7/css/bootstrap.min.css HTTP/1.1", host: "192.168.222.129", referrer: "http://192.168.222.129/"
2022/04/25 13:40:31 [error] 22#22: *6 open() "/usr/share/nginx/html/static/blog/cdnjs/font-awesome/4.7.0/css/font-awesome.min.css" failed (2: No such file or directory), client: 192.168.222.129, server: localhost, request: "GET /static/blog/cdnjs/font-awesome/4.7.0/css/font-awesome.min.css HTTP/1.1", host: "192.168.222.129", referrer: "http://192.168.222.129/"
2022/04/25 13:40:31 [error] 22#22: *7 open() "/usr/share/nginx/html/static/blog/cdnjs/admin-lte/2.4.8/css/AdminLTE.min.css" failed (2: No such file or directory), client: 192.168.222.129, server: localhost, request: "GET /static/blog/cdnjs/admin-lte/2.4.8/css/AdminLTE.min.css HTTP/1.1", host: "192.168.222.129", referrer: "http://192.168.222.129/"
2022/04/25 13:40:31 [error] 22#22: *4 open() "/usr/share/nginx/html/static/blog/cdnjs/jquery/3.5.0/jquery.min.js" failed (2: No such file or directory), client: 192.168.222.129, server: localhost, request: "GET /static/blog/cdnjs/jquery/3.5.0/jquery.min.js HTTP/1.1", host: "192.168.222.129", referrer: "http://192.168.222.129/"
2022/04/25 13:40:31 [error] 22#22: *6 open() "/usr/share/nginx/html/static/blog/cdnjs/twitter-bootstrap/3.3.7/js/bootstrap.min.js" failed (2: No such file or directory), client: 192.168.222.129, server: localhost, request: "GET /static/blog/cdnjs/twitter-bootstrap/3.3.7/js/bootstrap.min.js HTTP/1.1", host: "192.168.222.129", referrer: "http://192.168.222.129/"
2022/04/25 13:40:31 [error] 22#22: *4 open() "/usr/share/nginx/html/static/blog/favicon.png" failed (2: No such file or directory), client: 192.168.222.129, server: localhost, request: "GET /static/blog/favicon.png HTTP/1.1", host: "192.168.222.129", referrer: "http://192.168.222.129/"
2022/04/25 13:40:37 [error] 22#22: *4 open() "/usr/share/nginx/html/static/blog/cdnjs/twitter-bootstrap/3.3.7/css/bootstrap.min.css" failed (2: No such file or directory), client: 192.168.222.129, server: localhost, request: "GET /static/blog/cdnjs/twitter-bootstrap/3.3.7/css/bootstrap.min.css HTTP/1.1", host: "192.168.222.129", referrer: "http://192.168.222.129/register/"
2022/04/25 13:40:37 [error] 22#22: *4 open() "/usr/share/nginx/html/static/blog/cdnjs/font-awesome/4.7.0/css/font-awesome.min.css" failed (2: No such file or directory), client: 192.168.222.129, server: localhost, request: "GET /static/blog/cdnjs/font-awesome/4.7.0/css/font-awesome.min.css HTTP/1.1", host: "192.168.222.129", referrer: "http://192.168.222.129/register/"
2022/04/25 13:40:37 [error] 22#22: *4 open() "/usr/share/nginx/html/static/blog/cdnjs/admin-lte/2.4.8/css/AdminLTE.min.css" failed (2: No such file or directory), client: 192.168.222.129, server: localhost, request: "GET /static/blog/cdnjs/admin-lte/2.4.8/css/AdminLTE.min.css HTTP/1.1", host: "192.168.222.129", referrer: "http://192.168.222.129/register/"
2022/04/25 13:40:37 [error] 22#22: *4 open() "/usr/share/nginx/html/static/blog/cdnjs/jquery/3.5.0/jquery.min.js" failed (2: No such file or directory), client: 192.168.222.129, server: localhost, request: "GET /static/blog/cdnjs/jquery/3.5.0/jquery.min.js HTTP/1.1", host: "192.168.222.129", referrer: "http://192.168.222.129/register/"
2022/04/25 13:40:37 [error] 22#22: *4 open() "/usr/share/nginx/html/static/blog/cdnjs/twitter-bootstrap/3.3.7/js/bootstrap.min.js" failed (2: No such file or directory), client: 192.168.222.129, server: localhost, request: "GET /static/blog/cdnjs/twitter-bootstrap/3.3.7/js/bootstrap.min.js HTTP/1.1", host: "192.168.222.129", referrer: "http://192.168.222.129/register/"
2022/04/25 13:41:04 [error] 22#22: *4 open() "/usr/share/nginx/html/static/blog/cdnjs/twitter-bootstrap/3.3.7/css/bootstrap.min.css" failed (2: No such file or directory), client: 192.168.222.129, server: localhost, request: "GET /static/blog/cdnjs/twitter-bootstrap/3.3.7/css/bootstrap.min.css HTTP/1.1", host: "192.168.222.129", referrer: "http://192.168.222.129/"
2022/04/25 13:41:04 [error] 22#22: *4 open() "/usr/share/nginx/html/static/blog/cdnjs/font-awesome/4.7.0/css/font-awesome.min.css" failed (2: No such file or directory), client: 192.168.222.129, server: localhost, request: "GET /static/blog/cdnjs/font-awesome/4.7.0/css/font-awesome.min.css HTTP/1.1", host: "192.168.222.129", referrer: "http://192.168.222.129/"
2022/04/25 13:41:04 [error] 22#22: *4 open() "/usr/share/nginx/html/static/blog/cdnjs/admin-lte/2.4.8/css/AdminLTE.min.css" failed (2: No such file or directory), client: 192.168.222.129, server: localhost, request: "GET /static/blog/cdnjs/admin-lte/2.4.8/css/AdminLTE.min.css HTTP/1.1", host: "192.168.222.129", referrer: "http://192.168.222.129/"
2022/04/25 13:41:04 [error] 22#22: *4 open() "/usr/share/nginx/html/static/blog/cdnjs/jquery/3.5.0/jquery.min.js" failed (2: No such file or directory), client: 192.168.222.129, server: localhost, request: "GET /static/blog/cdnjs/jquery/3.5.0/jquery.min.js HTTP/1.1", host: "192.168.222.129", referrer: "http://192.168.222.129/"
2022/04/25 13:41:04 [error] 22#22: *4 open() "/usr/share/nginx/html/static/blog/cdnjs/twitter-bootstrap/3.3.7/js/bootstrap.min.js" failed (2: No such file or directory), client: 192.168.222.129, server: localhost, request: "GET /static/blog/cdnjs/twitter-bootstrap/3.3.7/js/bootstrap.min.js HTTP/1.1", host: "192.168.222.129", referrer: "http://192.168.222.129/"
2022/04/25 13:41:13 [error] 22#22: *13 open() "/usr/share/nginx/html/static/blog/cdnjs/twitter-bootstrap/3.3.7/css/bootstrap.min.css" failed (2: No such file or directory), client: 192.168.222.1, server: localhost, request: "GET /static/blog/cdnjs/twitter-bootstrap/3.3.7/css/bootstrap.min.css HTTP/1.1", host: "192.168.222.129", referrer: "http://192.168.222.129/"
2022/04/25 13:41:13 [error] 22#22: *15 open() "/usr/share/nginx/html/static/blog/cdnjs/font-awesome/4.7.0/css/font-awesome.min.css" failed (2: No such file or directory), client: 192.168.222.1, server: localhost, request: "GET /static/blog/cdnjs/font-awesome/4.7.0/css/font-awesome.min.css HTTP/1.1", host: "192.168.222.129", referrer: "http://192.168.222.129/"
2022/04/25 13:41:13 [error] 22#22: *16 open() "/usr/share/nginx/html/static/blog/cdnjs/admin-lte/2.4.8/css/AdminLTE.min.css" failed (2: No such file or directory), client: 192.168.222.1, server: localhost, request: "GET /static/blog/cdnjs/admin-lte/2.4.8/css/AdminLTE.min.css HTTP/1.1", host: "192.168.222.129", referrer: "http://192.168.222.129/"
2022/04/25 13:41:13 [error] 22#22: *18 open() "/usr/share/nginx/html/static/blog/cdnjs/jquery/3.5.0/jquery.min.js" failed (2: No such file or directory), client: 192.168.222.1, server: localhost, request: "GET /static/blog/cdnjs/jquery/3.5.0/jquery.min.js HTTP/1.1", host: "192.168.222.129", referrer: "http://192.168.222.129/"
2022/04/25 13:41:13 [error] 22#22: *17 open() "/usr/share/nginx/html/static/blog/cdnjs/twitter-bootstrap/3.3.7/js/bootstrap.min.js" failed (2: No such file or directory), client: 192.168.222.1, server: localhost, request: "GET /static/blog/cdnjs/twitter-bootstrap/3.3.7/js/bootstrap.min.js HTTP/1.1", host: "192.168.222.129", referrer: "http://192.168.222.129/"
2022/04/25 13:41:14 [error] 22#22: *18 open() "/usr/share/nginx/html/static/blog/favicon.png" failed (2: No such file or directory), client: 192.168.222.1, server: localhost, request: "GET /static/blog/favicon.png HTTP/1.1", host: "192.168.222.129", referrer: "http://192.168.222.129/"
2022/04/25 13:42:44 [error] 22#22: *19 open() "/usr/share/nginx/html/static/blog/cdnjs/twitter-bootstrap/3.3.7/css/bootstrap.min.css" failed (2: No such file or directory), client: 192.168.222.129, server: localhost, request: "GET /static/blog/cdnjs/twitter-bootstrap/3.3.7/css/bootstrap.min.css HTTP/1.1", host: "192.168.222.129", referrer: "http://192.168.222.129/"
2022/04/25 13:42:44 [error] 22#22: *19 open() "/usr/share/nginx/html/static/blog/cdnjs/font-awesome/4.7.0/css/font-awesome.min.css" failed (2: No such file or directory), client: 192.168.222.129, server: localhost, request: "GET /static/blog/cdnjs/font-awesome/4.7.0/css/font-awesome.min.css HTTP/1.1", host: "192.168.222.129", referrer: "http://192.168.222.129/"
2022/04/25 13:42:44 [error] 22#22: *19 open() "/usr/share/nginx/html/static/blog/cdnjs/admin-lte/2.4.8/css/AdminLTE.min.css" failed (2: No such file or directory), client: 192.168.222.129, server: localhost, request: "GET /static/blog/cdnjs/admin-lte/2.4.8/css/AdminLTE.min.css HTTP/1.1", host: "192.168.222.129", referrer: "http://192.168.222.129/"
2022/04/25 13:42:44 [error] 22#22: *19 open() "/usr/share/nginx/html/static/blog/cdnjs/jquery/3.5.0/jquery.min.js" failed (2: No such file or directory), client: 192.168.222.129, server: localhost, request: "GET /static/blog/cdnjs/jquery/3.5.0/jquery.min.js HTTP/1.1", host: "192.168.222.129", referrer: "http://192.168.222.129/"
2022/04/25 13:42:44 [error] 22#22: *19 open() "/usr/share/nginx/html/static/blog/cdnjs/twitter-bootstrap/3.3.7/js/bootstrap.min.js" failed (2: No such file or directory), client: 192.168.222.129, server: localhost, request: "GET /static/blog/cdnjs/twitter-bootstrap/3.3.7/js/bootstrap.min.js HTTP/1.1", host: "192.168.222.129", referrer: "http://192.168.222.129/"
2022/04/25 13:42:45 [error] 22#22: *19 open() "/usr/share/nginx/html/static/blog/cdnjs/twitter-bootstrap/3.3.7/css/bootstrap.min.css" failed (2: No such file or directory), client: 192.168.222.129, server: localhost, request: "GET /static/blog/cdnjs/twitter-bootstrap/3.3.7/css/bootstrap.min.css HTTP/1.1", host: "192.168.222.129", referrer: "http://192.168.222.129/"
2022/04/25 13:42:45 [error] 22#22: *19 open() "/usr/share/nginx/html/static/blog/cdnjs/font-awesome/4.7.0/css/font-awesome.min.css" failed (2: No such file or directory), client: 192.168.222.129, server: localhost, request: "GET /static/blog/cdnjs/font-awesome/4.7.0/css/font-awesome.min.css HTTP/1.1", host: "192.168.222.129", referrer: "http://192.168.222.129/"
2022/04/25 13:42:45 [error] 22#22: *19 open() "/usr/share/nginx/html/static/blog/cdnjs/admin-lte/2.4.8/css/AdminLTE.min.css" failed (2: No such file or directory), client: 192.168.222.129, server: localhost, request: "GET /static/blog/cdnjs/admin-lte/2.4.8/css/AdminLTE.min.css HTTP/1.1", host: "192.168.222.129", referrer: "http://192.168.222.129/"
2022/04/25 13:42:45 [error] 22#22: *19 open() "/usr/share/nginx/html/static/blog/cdnjs/jquery/3.5.0/jquery.min.js" failed (2: No such file or directory), client: 192.168.222.129, server: localhost, request: "GET /static/blog/cdnjs/jquery/3.5.0/jquery.min.js HTTP/1.1", host: "192.168.222.129", referrer: "http://192.168.222.129/"
2022/04/25 13:42:45 [error] 22#22: *19 open() "/usr/share/nginx/html/static/blog/cdnjs/twitter-bootstrap/3.3.7/js/bootstrap.min.js" failed (2: No such file or directory), client: 192.168.222.129, server: localhost, request: "GET /static/blog/cdnjs/twitter-bootstrap/3.3.7/js/bootstrap.min.js HTTP/1.1", host: "192.168.222.129", referrer: "http://192.168.222.129/"
2022/04/25 13:42:46 [error] 22#22: *19 open() "/usr/share/nginx/html/static/blog/cdnjs/twitter-bootstrap/3.3.7/css/bootstrap.min.css" failed (2: No such file or directory), client: 192.168.222.129, server: localhost, request: "GET /static/blog/cdnjs/twitter-bootstrap/3.3.7/css/bootstrap.min.css HTTP/1.1", host: "192.168.222.129", referrer: "http://192.168.222.129/"
2022/04/25 13:42:46 [error] 22#22: *19 open() "/usr/share/nginx/html/static/blog/cdnjs/font-awesome/4.7.0/css/font-awesome.min.css" failed (2: No such file or directory), client: 192.168.222.129, server: localhost, request: "GET /static/blog/cdnjs/font-awesome/4.7.0/css/font-awesome.min.css HTTP/1.1", host: "192.168.222.129", referrer: "http://192.168.222.129/"
2022/04/25 13:42:46 [error] 22#22: *19 open() "/usr/share/nginx/html/static/blog/cdnjs/admin-lte/2.4.8/css/AdminLTE.min.css" failed (2: No such file or directory), client: 192.168.222.129, server: localhost, request: "GET /static/blog/cdnjs/admin-lte/2.4.8/css/AdminLTE.min.css HTTP/1.1", host: "192.168.222.129", referrer: "http://192.168.222.129/"
2022/04/25 13:42:46 [error] 22#22: *19 open() "/usr/share/nginx/html/static/blog/cdnjs/jquery/3.5.0/jquery.min.js" failed (2: No such file or directory), client: 192.168.222.129, server: localhost, request: "GET /static/blog/cdnjs/jquery/3.5.0/jquery.min.js HTTP/1.1", host: "192.168.222.129", referrer: "http://192.168.222.129/"
2022/04/25 13:42:46 [error] 22#22: *19 open() "/usr/share/nginx/html/static/blog/cdnjs/twitter-bootstrap/3.3.7/js/bootstrap.min.js" failed (2: No such file or directory), client: 192.168.222.129, server: localhost, request: "GET /static/blog/cdnjs/twitter-bootstrap/3.3.7/js/bootstrap.min.js HTTP/1.1", host: "192.168.222.129", referrer: "http://192.168.222.129/"
2022/04/25 13:42:50 [error] 22#22: *19 open() "/usr/share/nginx/html/static/blog/cdnjs/twitter-bootstrap/3.3.7/css/bootstrap.min.css" failed (2: No such file or directory), client: 192.168.222.129, server: localhost, request: "GET /static/blog/cdnjs/twitter-bootstrap/3.3.7/css/bootstrap.min.css HTTP/1.1", host: "192.168.222.129", referrer: "http://192.168.222.129/"
2022/04/25 13:42:50 [error] 22#22: *19 open() "/usr/share/nginx/html/static/blog/cdnjs/font-awesome/4.7.0/css/font-awesome.min.css" failed (2: No such file or directory), client: 192.168.222.129, server: localhost, request: "GET /static/blog/cdnjs/font-awesome/4.7.0/css/font-awesome.min.css HTTP/1.1", host: "192.168.222.129", referrer: "http://192.168.222.129/"
2022/04/25 13:42:50 [error] 22#22: *19 open() "/usr/share/nginx/html/static/blog/cdnjs/admin-lte/2.4.8/css/AdminLTE.min.css" failed (2: No such file or directory), client: 192.168.222.129, server: localhost, request: "GET /static/blog/cdnjs/admin-lte/2.4.8/css/AdminLTE.min.css HTTP/1.1", host: "192.168.222.129", referrer: "http://192.168.222.129/"
2022/04/25 13:42:50 [error] 22#22: *19 open() "/usr/share/nginx/html/static/blog/cdnjs/jquery/3.5.0/jquery.min.js" failed (2: No such file or directory), client: 192.168.222.129, server: localhost, request: "GET /static/blog/cdnjs/jquery/3.5.0/jquery.min.js HTTP/1.1", host: "192.168.222.129", referrer: "http://192.168.222.129/"
2022/04/25 13:42:50 [error] 22#22: *19 open() "/usr/share/nginx/html/static/blog/cdnjs/twitter-bootstrap/3.3.7/js/bootstrap.min.js" failed (2: No such file or directory), client: 192.168.222.129, server: localhost, request: "GET /static/blog/cdnjs/twitter-bootstrap/3.3.7/js/bootstrap.min.js HTTP/1.1", host: "192.168.222.129", referrer: "http://192.168.222.129/"
2022/04/25 13:44:35 [error] 22#22: *24 open() "/usr/share/nginx/html/static/blog/cdnjs/twitter-bootstrap/3.3.7/css/bootstrap.min.css" failed (2: No such file or directory), client: 192.168.222.1, server: localhost, request: "GET /static/blog/cdnjs/twitter-bootstrap/3.3.7/css/bootstrap.min.css HTTP/1.1", host: "192.168.222.129", referrer: "http://192.168.222.129/"
2022/04/25 13:44:35 [error] 22#22: *26 open() "/usr/share/nginx/html/static/blog/cdnjs/font-awesome/4.7.0/css/font-awesome.min.css" failed (2: No such file or directory), client: 192.168.222.1, server: localhost, request: "GET /static/blog/cdnjs/font-awesome/4.7.0/css/font-awesome.min.css HTTP/1.1", host: "192.168.222.129", referrer: "http://192.168.222.129/"
2022/04/25 13:44:35 [error] 22#22: *27 open() "/usr/share/nginx/html/static/blog/cdnjs/admin-lte/2.4.8/css/AdminLTE.min.css" failed (2: No such file or directory), client: 192.168.222.1, server: localhost, request: "GET /static/blog/cdnjs/admin-lte/2.4.8/css/AdminLTE.min.css HTTP/1.1", host: "192.168.222.129", referrer: "http://192.168.222.129/"
2022/04/25 13:44:35 [error] 22#22: *28 open() "/usr/share/nginx/html/static/blog/cdnjs/jquery/3.5.0/jquery.min.js" failed (2: No such file or directory), client: 192.168.222.1, server: localhost, request: "GET /static/blog/cdnjs/jquery/3.5.0/jquery.min.js HTTP/1.1", host: "192.168.222.129", referrer: "http://192.168.222.129/"
2022/04/25 13:44:35 [error] 22#22: *29 open() "/usr/share/nginx/html/static/blog/cdnjs/twitter-bootstrap/3.3.7/js/bootstrap.min.js" failed (2: No such file or directory), client: 192.168.222.1, server: localhost, request: "GET /static/blog/cdnjs/twitter-bootstrap/3.3.7/js/bootstrap.min.js HTTP/1.1", host: "192.168.222.129", referrer: "http://192.168.222.129/"
2022/04/25 13:44:40 [error] 22#22: *29 open() "/usr/share/nginx/html/static/blog/cdnjs/twitter-bootstrap/3.3.7/css/bootstrap.min.css" failed (2: No such file or directory), client: 192.168.222.1, server: localhost, request: "GET /static/blog/cdnjs/twitter-bootstrap/3.3.7/css/bootstrap.min.css HTTP/1.1", host: "192.168.222.129", referrer: "http://192.168.222.129/register/"
2022/04/25 13:44:40 [error] 22#22: *28 open() "/usr/share/nginx/html/static/blog/cdnjs/font-awesome/4.7.0/css/font-awesome.min.css" failed (2: No such file or directory), client: 192.168.222.1, server: localhost, request: "GET /static/blog/cdnjs/font-awesome/4.7.0/css/font-awesome.min.css HTTP/1.1", host: "192.168.222.129", referrer: "http://192.168.222.129/register/"
2022/04/25 13:44:40 [error] 22#22: *27 open() "/usr/share/nginx/html/static/blog/cdnjs/jquery/3.5.0/jquery.min.js" failed (2: No such file or directory), client: 192.168.222.1, server: localhost, request: "GET /static/blog/cdnjs/jquery/3.5.0/jquery.min.js HTTP/1.1", host: "192.168.222.129", referrer: "http://192.168.222.129/register/"
2022/04/25 13:44:40 [error] 22#22: *26 open() "/usr/share/nginx/html/static/blog/cdnjs/admin-lte/2.4.8/css/AdminLTE.min.css" failed (2: No such file or directory), client: 192.168.222.1, server: localhost, request: "GET /static/blog/cdnjs/admin-lte/2.4.8/css/AdminLTE.min.css HTTP/1.1", host: "192.168.222.129", referrer: "http://192.168.222.129/register/"
2022/04/25 13:44:40 [error] 22#22: *24 open() "/usr/share/nginx/html/static/blog/cdnjs/twitter-bootstrap/3.3.7/js/bootstrap.min.js" failed (2: No such file or directory), client: 192.168.222.1, server: localhost, request: "GET /static/blog/cdnjs/twitter-bootstrap/3.3.7/js/bootstrap.min.js HTTP/1.1", host: "192.168.222.129", referrer: "http://192.168.222.129/register/"
2022/04/25 13:44:46 [error] 22#22: *31 open() "/usr/share/nginx/html/static/blog/cdnjs/twitter-bootstrap/3.3.7/css/bootstrap.min.css" failed (2: No such file or directory), client: 192.168.222.1, server: localhost, request: "GET /static/blog/cdnjs/twitter-bootstrap/3.3.7/css/bootstrap.min.css HTTP/1.1", host: "192.168.222.129", referrer: "http://192.168.222.129/"
2022/04/25 13:44:46 [error] 22#22: *33 open() "/usr/share/nginx/html/static/blog/cdnjs/font-awesome/4.7.0/css/font-awesome.min.css" failed (2: No such file or directory), client: 192.168.222.1, server: localhost, request: "GET /static/blog/cdnjs/font-awesome/4.7.0/css/font-awesome.min.css HTTP/1.1", host: "192.168.222.129", referrer: "http://192.168.222.129/"
2022/04/25 13:44:46 [error] 22#22: *34 open() "/usr/share/nginx/html/static/blog/cdnjs/admin-lte/2.4.8/css/AdminLTE.min.css" failed (2: No such file or directory), client: 192.168.222.1, server: localhost, request: "GET /static/blog/cdnjs/admin-lte/2.4.8/css/AdminLTE.min.css HTTP/1.1", host: "192.168.222.129", referrer: "http://192.168.222.129/"
2022/04/25 13:44:46 [error] 22#22: *35 open() "/usr/share/nginx/html/static/blog/cdnjs/jquery/3.5.0/jquery.min.js" failed (2: No such file or directory), client: 192.168.222.1, server: localhost, request: "GET /static/blog/cdnjs/jquery/3.5.0/jquery.min.js HTTP/1.1", host: "192.168.222.129", referrer: "http://192.168.222.129/"
2022/04/25 13:44:46 [error] 22#22: *36 open() "/usr/share/nginx/html/static/blog/cdnjs/twitter-bootstrap/3.3.7/js/bootstrap.min.js" failed (2: No such file or directory), client: 192.168.222.1, server: localhost, request: "GET /static/blog/cdnjs/twitter-bootstrap/3.3.7/js/bootstrap.min.js HTTP/1.1", host: "192.168.222.129", referrer: "http://192.168.222.129/"
2022/04/25 13:45:23 [error] 22#22: *37 open() "/usr/share/nginx/html/static/blog/cdnjs/twitter-bootstrap/3.3.7/css/bootstrap.min.css" failed (2: No such file or directory), client: 192.168.222.1, server: localhost, request: "GET /static/blog/cdnjs/twitter-bootstrap/3.3.7/css/bootstrap.min.css HTTP/1.1", host: "192.168.222.129", referrer: "http://192.168.222.129/"
2022/04/25 13:45:23 [error] 22#22: *38 open() "/usr/share/nginx/html/static/blog/cdnjs/font-awesome/4.7.0/css/font-awesome.min.css" failed (2: No such file or directory), client: 192.168.222.1, server: localhost, request: "GET /static/blog/cdnjs/font-awesome/4.7.0/css/font-awesome.min.css HTTP/1.1", host: "192.168.222.129", referrer: "http://192.168.222.129/"
2022/04/25 13:45:23 [error] 22#22: *39 open() "/usr/share/nginx/html/static/blog/cdnjs/admin-lte/2.4.8/css/AdminLTE.min.css" failed (2: No such file or directory), client: 192.168.222.1, server: localhost, request: "GET /static/blog/cdnjs/admin-lte/2.4.8/css/AdminLTE.min.css HTTP/1.1", host: "192.168.222.129", referrer: "http://192.168.222.129/"
2022/04/25 13:45:24 [error] 22#22: *40 open() "/usr/share/nginx/html/static/blog/cdnjs/twitter-bootstrap/3.3.7/css/bootstrap.min.css" failed (2: No such file or directory), client: 192.168.222.1, server: localhost, request: "GET /static/blog/cdnjs/twitter-bootstrap/3.3.7/css/bootstrap.min.css HTTP/1.1", host: "192.168.222.129", referrer: "http://192.168.222.129/"
2022/04/25 13:45:24 [error] 22#22: *42 open() "/usr/share/nginx/html/static/blog/cdnjs/font-awesome/4.7.0/css/font-awesome.min.css" failed (2: No such file or directory), client: 192.168.222.1, server: localhost, request: "GET /static/blog/cdnjs/font-awesome/4.7.0/css/font-awesome.min.css HTTP/1.1", host: "192.168.222.129", referrer: "http://192.168.222.129/"
2022/04/25 13:45:24 [error] 22#22: *43 open() "/usr/share/nginx/html/static/blog/cdnjs/admin-lte/2.4.8/css/AdminLTE.min.css" failed (2: No such file or directory), client: 192.168.222.1, server: localhost, request: "GET /static/blog/cdnjs/admin-lte/2.4.8/css/AdminLTE.min.css HTTP/1.1", host: "192.168.222.129", referrer: "http://192.168.222.129/"
2022/04/25 13:45:24 [error] 22#22: *44 open() "/usr/share/nginx/html/static/blog/cdnjs/jquery/3.5.0/jquery.min.js" failed (2: No such file or directory), client: 192.168.222.1, server: localhost, request: "GET /static/blog/cdnjs/jquery/3.5.0/jquery.min.js HTTP/1.1", host: "192.168.222.129", referrer: "http://192.168.222.129/"
2022/04/25 13:45:24 [error] 22#22: *45 open() "/usr/share/nginx/html/static/blog/cdnjs/twitter-bootstrap/3.3.7/js/bootstrap.min.js" failed (2: No such file or directory), client: 192.168.222.1, server: localhost, request: "GET /static/blog/cdnjs/twitter-bootstrap/3.3.7/js/bootstrap.min.js HTTP/1.1", host: "192.168.222.129", referrer: "http://192.168.222.129/"
2022/04/25 14:23:12 [error] 22#22: *77 open() "/usr/share/nginx/html/static/admin/js/actions.min.js" failed (2: No such file or directory), client: 192.168.222.1, server: localhost, request: "GET /static/admin/js/actions.min.js HTTP/1.1", host: "192.168.222.129", referrer: "http://192.168.222.129/admin/blog/category/"
2022/04/25 14:23:12 [error] 22#22: *83 open() "/usr/share/nginx/html/static/admin/js/prepopulate.min.js" failed (2: No such file or directory), client: 192.168.222.1, server: localhost, request: "GET /static/admin/js/prepopulate.min.js HTTP/1.1", host: "192.168.222.129", referrer: "http://192.168.222.129/admin/blog/category/"
2022/04/25 14:23:16 [error] 22#22: *81 open() "/usr/share/nginx/html/static/admin/js/actions.min.js" failed (2: No such file or directory), client: 192.168.222.1, server: localhost, request: "GET /static/admin/js/actions.min.js HTTP/1.1", host: "192.168.222.129", referrer: "http://192.168.222.129/admin/blog/category/add/"
2022/04/25 14:23:16 [error] 22#22: *84 open() "/usr/share/nginx/html/static/admin/js/prepopulate.min.js" failed (2: No such file or directory), client: 192.168.222.1, server: localhost, request: "GET /static/admin/js/prepopulate.min.js HTTP/1.1", host: "192.168.222.129", referrer: "http://192.168.222.129/admin/blog/category/add/"
2022/04/25 14:23:24 [error] 22#22: *89 open() "/usr/share/nginx/html/static/admin/js/actions.min.js" failed (2: No such file or directory), client: 192.168.222.1, server: localhost, request: "GET /static/admin/js/actions.min.js HTTP/1.1", host: "192.168.222.129", referrer: "http://192.168.222.129/admin/blog/category/"
2022/04/25 14:23:24 [error] 22#22: *92 open() "/usr/share/nginx/html/static/admin/js/prepopulate.min.js" failed (2: No such file or directory), client: 192.168.222.1, server: localhost, request: "GET /static/admin/js/prepopulate.min.js HTTP/1.1", host: "192.168.222.129", referrer: "http://192.168.222.129/admin/blog/category/"
2022/04/25 14:23:26 [error] 22#22: *92 open() "/usr/share/nginx/html/static/admin/js/actions.min.js" failed (2: No such file or directory), client: 192.168.222.1, server: localhost, request: "GET /static/admin/js/actions.min.js HTTP/1.1", host: "192.168.222.129", referrer: "http://192.168.222.129/admin/blog/category/add/"
2022/04/25 14:23:26 [error] 22#22: *89 open() "/usr/share/nginx/html/static/admin/js/prepopulate.min.js" failed (2: No such file or directory), client: 192.168.222.1, server: localhost, request: "GET /static/admin/js/prepopulate.min.js HTTP/1.1", host: "192.168.222.129", referrer: "http://192.168.222.129/admin/blog/category/add/"
2022/04/25 14:23:46 [error] 22#22: *97 open() "/usr/share/nginx/html/static/admin/js/actions.min.js" failed (2: No such file or directory), client: 192.168.222.1, server: localhost, request: "GET /static/admin/js/actions.min.js HTTP/1.1", host: "192.168.222.129", referrer: "http://192.168.222.129/admin/blog/category/"
2022/04/25 14:23:46 [error] 22#22: *100 open() "/usr/share/nginx/html/static/admin/js/prepopulate.min.js" failed (2: No such file or directory), client: 192.168.222.1, server: localhost, request: "GET /static/admin/js/prepopulate.min.js HTTP/1.1", host: "192.168.222.129", referrer: "http://192.168.222.129/admin/blog/category/"
2022/04/26 03:03:00 [error] 22#22: *170 open() "/usr/share/nginx/html/static/admin/js/actions.min.js" failed (2: No such file or directory), client: 192.168.222.1, server: localhost, request: "GET /static/admin/js/actions.min.js HTTP/1.1", host: "192.168.222.129", referrer: "http://192.168.222.129/admin/blog/category/"
2022/04/26 03:03:00 [error] 22#22: *172 open() "/usr/share/nginx/html/static/admin/js/prepopulate.min.js" failed (2: No such file or directory), client: 192.168.222.1, server: localhost, request: "GET /static/admin/js/prepopulate.min.js HTTP/1.1", host: "192.168.222.129", referrer: "http://192.168.222.129/admin/blog/category/"
2022/04/26 03:05:03 [notice] 1#1: signal 3 (SIGQUIT) received, shutting down
2022/04/26 03:05:03 [notice] 22#22: gracefully shutting down
2022/04/26 03:05:03 [notice] 22#22: exiting
2022/04/26 03:05:03 [notice] 22#22: exit
2022/04/26 03:05:04 [notice] 1#1: signal 17 (SIGCHLD) received from 22
2022/04/26 03:05:04 [notice] 1#1: worker process 22 exited with code 0
2022/04/26 03:05:04 [notice] 1#1: exit
2022/04/26 05:57:59 [notice] 1#1: using the "epoll" event method
2022/04/26 05:57:59 [notice] 1#1: nginx/1.21.6
2022/04/26 05:57:59 [notice] 1#1: built by gcc 10.2.1 20210110 (Debian 10.2.1-6) 
2022/04/26 05:57:59 [notice] 1#1: OS: Linux 5.13.0-39-generic
2022/04/26 05:57:59 [notice] 1#1: getrlimit(RLIMIT_NOFILE): 1048576:1048576
2022/04/26 05:57:59 [notice] 1#1: start worker processes
2022/04/26 05:57:59 [notice] 1#1: start worker process 22
2022/04/26 08:24:47 [notice] 22#22: signal 15 (SIGTERM) received, exiting
2022/04/26 08:24:47 [notice] 1#1: signal 17 (SIGCHLD) received from 22
2022/04/26 08:24:47 [notice] 1#1: signal 17 (SIGCHLD) received from 22
2022/04/26 08:24:47 [notice] 1#1: signal 15 (SIGTERM) received, exiting
2022/04/26 08:24:47 [notice] 22#22: exiting
2022/04/26 08:24:47 [notice] 22#22: exit
2022/04/26 08:24:47 [notice] 1#1: signal 14 (SIGALRM) received
2022/04/26 08:24:47 [notice] 1#1: signal 14 (SIGALRM) received
2022/04/26 08:24:47 [notice] 1#1: signal 14 (SIGALRM) received
2022/04/26 08:24:48 [notice] 1#1: signal 17 (SIGCHLD) received from 22
2022/04/26 08:24:48 [notice] 1#1: worker process 22 exited with code 0
2022/04/26 08:24:48 [notice] 1#1: exit
2022/04/26 09:09:36 [notice] 1#1: using the "epoll" event method
2022/04/26 09:09:36 [notice] 1#1: nginx/1.21.6
2022/04/26 09:09:36 [notice] 1#1: built by gcc 10.2.1 20210110 (Debian 10.2.1-6) 
2022/04/26 09:09:36 [notice] 1#1: OS: Linux 5.13.0-40-generic
2022/04/26 09:09:36 [notice] 1#1: getrlimit(RLIMIT_NOFILE): 1048576:1048576
2022/04/26 09:09:36 [notice] 1#1: start worker processes
2022/04/26 09:09:36 [notice] 1#1: start worker process 22
2022/04/27 07:16:33 [notice] 1#1: signal 3 (SIGQUIT) received, shutting down
2022/04/27 07:16:33 [notice] 22#22: gracefully shutting down
2022/04/27 07:16:33 [notice] 22#22: exiting
2022/04/27 07:16:33 [notice] 22#22: exit
2022/04/27 07:16:34 [notice] 1#1: signal 17 (SIGCHLD) received from 22
2022/04/27 07:16:34 [notice] 1#1: worker process 22 exited with code 0
2022/04/27 07:16:34 [notice] 1#1: exit
2022/04/27 07:16:42 [notice] 1#1: using the "epoll" event method
2022/04/27 07:16:42 [notice] 1#1: nginx/1.21.6
2022/04/27 07:16:42 [notice] 1#1: built by gcc 10.2.1 20210110 (Debian 10.2.1-6) 
2022/04/27 07:16:42 [notice] 1#1: OS: Linux 5.13.0-40-generic
2022/04/27 07:16:42 [notice] 1#1: getrlimit(RLIMIT_NOFILE): 1048576:1048576
2022/04/27 07:16:42 [notice] 1#1: start worker processes
2022/04/27 07:16:42 [notice] 1#1: start worker process 21
2022/04/27 07:25:40 [error] 21#21: *19 open() "/usr/share/nginx/html/static/admin/js/actions.min.js" failed (2: No such file or directory), client: 192.168.222.1, server: localhost, request: "GET /static/admin/js/actions.min.js HTTP/1.1", host: "192.168.222.129", referrer: "http://192.168.222.129/admin/blog/category/"
2022/04/27 07:25:40 [error] 21#21: *27 open() "/usr/share/nginx/html/static/admin/js/prepopulate.min.js" failed (2: No such file or directory), client: 192.168.222.1, server: localhost, request: "GET /static/admin/js/prepopulate.min.js HTTP/1.1", host: "192.168.222.129", referrer: "http://192.168.222.129/admin/blog/category/"
2022/04/27 07:25:44 [error] 21#21: *27 open() "/usr/share/nginx/html/static/admin/js/actions.min.js" failed (2: No such file or directory), client: 192.168.222.1, server: localhost, request: "GET /static/admin/js/actions.min.js HTTP/1.1", host: "192.168.222.129", referrer: "http://192.168.222.129/admin/blog/category/add/"
2022/04/27 07:25:44 [error] 21#21: *28 open() "/usr/share/nginx/html/static/admin/js/prepopulate.min.js" failed (2: No such file or directory), client: 192.168.222.1, server: localhost, request: "GET /static/admin/js/prepopulate.min.js HTTP/1.1", host: "192.168.222.129", referrer: "http://192.168.222.129/admin/blog/category/add/"
2022/04/27 07:30:08 [error] 21#21: *34 open() "/usr/share/nginx/html/static/admin/js/actions.min.js" failed (2: No such file or directory), client: 192.168.222.1, server: localhost, request: "GET /static/admin/js/actions.min.js HTTP/1.1", host: "192.168.222.129", referrer: "http://192.168.222.129/admin/blog/category/"
2022/04/27 07:30:08 [error] 21#21: *37 open() "/usr/share/nginx/html/static/admin/js/prepopulate.min.js" failed (2: No such file or directory), client: 192.168.222.1, server: localhost, request: "GET /static/admin/js/prepopulate.min.js HTTP/1.1", host: "192.168.222.129", referrer: "http://192.168.222.129/admin/blog/category/"
2022/04/27 07:30:11 [error] 21#21: *37 open() "/usr/share/nginx/html/static/admin/js/actions.min.js" failed (2: No such file or directory), client: 192.168.222.1, server: localhost, request: "GET /static/admin/js/actions.min.js HTTP/1.1", host: "192.168.222.129", referrer: "http://192.168.222.129/admin/blog/category/add/"
2022/04/27 07:30:11 [error] 21#21: *34 open() "/usr/share/nginx/html/static/admin/js/prepopulate.min.js" failed (2: No such file or directory), client: 192.168.222.1, server: localhost, request: "GET /static/admin/js/prepopulate.min.js HTTP/1.1", host: "192.168.222.129", referrer: "http://192.168.222.129/admin/blog/category/add/"
2022/04/27 07:32:45 [error] 21#21: *41 open() "/usr/share/nginx/html/static/admin/js/actions.min.js" failed (2: No such file or directory), client: 192.168.222.1, server: localhost, request: "GET /static/admin/js/actions.min.js HTTP/1.1", host: "192.168.222.129", referrer: "http://192.168.222.129/admin/blog/category/"
2022/04/27 07:32:45 [error] 21#21: *45 open() "/usr/share/nginx/html/static/admin/js/prepopulate.min.js" failed (2: No such file or directory), client: 192.168.222.1, server: localhost, request: "GET /static/admin/js/prepopulate.min.js HTTP/1.1", host: "192.168.222.129", referrer: "http://192.168.222.129/admin/blog/category/"
2022/04/27 07:33:37 [error] 21#21: *45 open() "/usr/share/nginx/html/static/admin/js/actions.min.js" failed (2: No such file or directory), client: 192.168.222.1, server: localhost, request: "GET /static/admin/js/actions.min.js HTTP/1.1", host: "192.168.222.129", referrer: "http://192.168.222.129/admin/blog/post/"
2022/04/27 07:33:37 [error] 21#21: *41 open() "/usr/share/nginx/html/static/admin/js/prepopulate.min.js" failed (2: No such file or directory), client: 192.168.222.1, server: localhost, request: "GET /static/admin/js/prepopulate.min.js HTTP/1.1", host: "192.168.222.129", referrer: "http://192.168.222.129/admin/blog/post/"
2022/04/27 07:33:40 [error] 21#21: *51 open() "/usr/share/nginx/html/static/admin/js/actions.min.js" failed (2: No such file or directory), client: 192.168.222.1, server: localhost, request: "GET /static/admin/js/actions.min.js HTTP/1.1", host: "192.168.222.129", referrer: "http://192.168.222.129/admin/blog/post/add/"
2022/04/27 07:33:40 [error] 21#21: *52 open() "/usr/share/nginx/html/static/admin/js/prepopulate.min.js" failed (2: No such file or directory), client: 192.168.222.1, server: localhost, request: "GET /static/admin/js/prepopulate.min.js HTTP/1.1", host: "192.168.222.129", referrer: "http://192.168.222.129/admin/blog/post/add/"
2022/04/27 07:37:52 [error] 21#21: *54 open() "/usr/share/nginx/html/static/admin/js/actions.min.js" failed (2: No such file or directory), client: 192.168.222.1, server: localhost, request: "GET /static/admin/js/actions.min.js HTTP/1.1", host: "192.168.222.129", referrer: "http://192.168.222.129/admin/blog/tag/add/?_to_field=id&_popup=1"
2022/04/27 07:37:52 [error] 21#21: *57 open() "/usr/share/nginx/html/static/admin/js/prepopulate.min.js" failed (2: No such file or directory), client: 192.168.222.1, server: localhost, request: "GET /static/admin/js/prepopulate.min.js HTTP/1.1", host: "192.168.222.129", referrer: "http://192.168.222.129/admin/blog/tag/add/?_to_field=id&_popup=1"
2022/04/27 07:38:57 [error] 21#21: *65 open() "/usr/share/nginx/html/static/admin/js/actions.min.js" failed (2: No such file or directory), client: 192.168.222.1, server: localhost, request: "GET /static/admin/js/actions.min.js HTTP/1.1", host: "192.168.222.129", referrer: "http://192.168.222.129/admin/blog/post/add/"
2022/04/27 07:38:58 [error] 21#21: *67 open() "/usr/share/nginx/html/static/admin/js/prepopulate.min.js" failed (2: No such file or directory), client: 192.168.222.1, server: localhost, request: "GET /static/admin/js/prepopulate.min.js HTTP/1.1", host: "192.168.222.129", referrer: "http://192.168.222.129/admin/blog/post/add/"
2022/04/27 07:39:10 [error] 21#21: *73 open() "/usr/share/nginx/html/static/admin/js/actions.min.js" failed (2: No such file or directory), client: 192.168.222.1, server: localhost, request: "GET /static/admin/js/actions.min.js HTTP/1.1", host: "192.168.222.129", referrer: "http://192.168.222.129/admin/blog/post/"
2022/04/27 07:39:10 [error] 21#21: *74 open() "/usr/share/nginx/html/static/admin/js/prepopulate.min.js" failed (2: No such file or directory), client: 192.168.222.1, server: localhost, request: "GET /static/admin/js/prepopulate.min.js HTTP/1.1", host: "192.168.222.129", referrer: "http://192.168.222.129/admin/blog/post/"
2022/04/27 07:39:38 [error] 21#21: *81 open() "/usr/share/nginx/html/static/admin/js/actions.min.js" failed (2: No such file or directory), client: 192.168.222.1, server: localhost, request: "GET /static/admin/js/actions.min.js HTTP/1.1", host: "192.168.222.129", referrer: "http://192.168.222.129/admin/blog/post/3/change/"
2022/04/27 07:39:38 [error] 21#21: *83 open() "/usr/share/nginx/html/static/admin/js/prepopulate.min.js" failed (2: No such file or directory), client: 192.168.222.1, server: localhost, request: "GET /static/admin/js/prepopulate.min.js HTTP/1.1", host: "192.168.222.129", referrer: "http://192.168.222.129/admin/blog/post/3/change/"
2022/04/27 07:39:50 [error] 21#21: *86 open() "/usr/share/nginx/html/static/admin/js/actions.min.js" failed (2: No such file or directory), client: 192.168.222.1, server: localhost, request: "GET /static/admin/js/actions.min.js HTTP/1.1", host: "192.168.222.129", referrer: "http://192.168.222.129/admin/blog/post/"
2022/04/27 07:39:50 [error] 21#21: *89 open() "/usr/share/nginx/html/static/admin/js/prepopulate.min.js" failed (2: No such file or directory), client: 192.168.222.1, server: localhost, request: "GET /static/admin/js/prepopulate.min.js HTTP/1.1", host: "192.168.222.129", referrer: "http://192.168.222.129/admin/blog/post/"
2022/04/27 09:28:44 [error] 21#21: *100 open() "/usr/share/nginx/html/static/admin/js/prepopulate.min.js" failed (2: No such file or directory), client: 192.168.222.1, server: localhost, request: "GET /static/admin/js/prepopulate.min.js HTTP/1.1", host: "192.168.222.129", referrer: "http://192.168.222.129/admin/blog/post/add/"
2022/04/27 09:28:44 [error] 21#21: *104 open() "/usr/share/nginx/html/static/admin/js/actions.min.js" failed (2: No such file or directory), client: 192.168.222.1, server: localhost, request: "GET /static/admin/js/actions.min.js HTTP/1.1", host: "192.168.222.129", referrer: "http://192.168.222.129/admin/blog/post/add/"
2022/04/27 09:29:03 [error] 21#21: *107 open() "/usr/share/nginx/html/static/admin/js/actions.min.js" failed (2: No such file or directory), client: 192.168.222.1, server: localhost, request: "GET /static/admin/js/actions.min.js HTTP/1.1", host: "192.168.222.129", referrer: "http://192.168.222.129/admin/blog/category/"
2022/04/27 09:29:03 [error] 21#21: *110 open() "/usr/share/nginx/html/static/admin/js/prepopulate.min.js" failed (2: No such file or directory), client: 192.168.222.1, server: localhost, request: "GET /static/admin/js/prepopulate.min.js HTTP/1.1", host: "192.168.222.129", referrer: "http://192.168.222.129/admin/blog/category/"
2022/04/27 09:29:07 [error] 21#21: *110 open() "/usr/share/nginx/html/static/admin/js/actions.min.js" failed (2: No such file or directory), client: 192.168.222.1, server: localhost, request: "GET /static/admin/js/actions.min.js HTTP/1.1", host: "192.168.222.129", referrer: "http://192.168.222.129/admin/blog/category/add/"
2022/04/27 09:29:07 [error] 21#21: *107 open() "/usr/share/nginx/html/static/admin/js/prepopulate.min.js" failed (2: No such file or directory), client: 192.168.222.1, server: localhost, request: "GET /static/admin/js/prepopulate.min.js HTTP/1.1", host: "192.168.222.129", referrer: "http://192.168.222.129/admin/blog/category/add/"
2022/04/27 09:29:23 [error] 21#21: *107 open() "/usr/share/nginx/html/static/admin/js/actions.min.js" failed (2: No such file or directory), client: 192.168.222.1, server: localhost, request: "GET /static/admin/js/actions.min.js HTTP/1.1", host: "192.168.222.129", referrer: "http://192.168.222.129/admin/blog/category/"
2022/04/27 09:29:23 [error] 21#21: *110 open() "/usr/share/nginx/html/static/admin/js/prepopulate.min.js" failed (2: No such file or directory), client: 192.168.222.1, server: localhost, request: "GET /static/admin/js/prepopulate.min.js HTTP/1.1", host: "192.168.222.129", referrer: "http://192.168.222.129/admin/blog/category/"
2022/04/27 10:20:04 [error] 21#21: *160 open() "/usr/share/nginx/html/static/admin/js/actions.min.js" failed (2: No such file or directory), client: 192.168.222.1, server: localhost, request: "GET /static/admin/js/actions.min.js HTTP/1.1", host: "192.168.222.129", referrer: "http://192.168.222.129/admin/blog/post/"
2022/04/27 10:20:04 [error] 21#21: *163 open() "/usr/share/nginx/html/static/admin/js/prepopulate.min.js" failed (2: No such file or directory), client: 192.168.222.1, server: localhost, request: "GET /static/admin/js/prepopulate.min.js HTTP/1.1", host: "192.168.222.129", referrer: "http://192.168.222.129/admin/blog/post/"
2022/04/27 10:20:05 [error] 21#21: *160 open() "/usr/share/nginx/html/static/admin/js/actions.min.js" failed (2: No such file or directory), client: 192.168.222.1, server: localhost, request: "GET /static/admin/js/actions.min.js HTTP/1.1", host: "192.168.222.129", referrer: "http://192.168.222.129/admin/blog/post/4/change/"
2022/04/27 10:20:05 [error] 21#21: *163 open() "/usr/share/nginx/html/static/admin/js/prepopulate.min.js" failed (2: No such file or directory), client: 192.168.222.1, server: localhost, request: "GET /static/admin/js/prepopulate.min.js HTTP/1.1", host: "192.168.222.129", referrer: "http://192.168.222.129/admin/blog/post/4/change/"
2022/04/27 10:20:12 [error] 21#21: *168 open() "/usr/share/nginx/html/static/admin/js/actions.min.js" failed (2: No such file or directory), client: 192.168.222.1, server: localhost, request: "GET /static/admin/js/actions.min.js HTTP/1.1", host: "192.168.222.129", referrer: "http://192.168.222.129/admin/blog/post/"
2022/04/27 10:20:12 [error] 21#21: *171 open() "/usr/share/nginx/html/static/admin/js/prepopulate.min.js" failed (2: No such file or directory), client: 192.168.222.1, server: localhost, request: "GET /static/admin/js/prepopulate.min.js HTTP/1.1", host: "192.168.222.129", referrer: "http://192.168.222.129/admin/blog/post/"
